# JRE version: Java(TM) SE Runtime Environment (8.0_77-b03) (build 1.8.0_77-b03)
# Java VM: Java HotSpot(TM) 64-Bit Server VM (25.77-b03 mixed mode windows-amd64 compressed oops)
Heap:
 PSYoungGen      total 19456K, used 5697K [0x00000000ed780000, 0x00000000ef100000, 0x0000000100000000)
  eden space 14336K, 10% used [0x00000000ed780000,0x00000000ed8e84b8,0x00000000ee580000)
  from space 5120K, 83% used [0x00000000eeb00000,0x00000000eef27f58,0x00000000ef000000)
  to   space 5632K, 0% used [0x00000000ee580000,0x00000000ee580000,0x00000000eeb00000)
 ParOldGen       total 38400K, used 7754K [0x00000000c8600000, 0x00000000cab80000, 0x00000000ed780000)
  object space 38400K, 20% used [0x00000000c8600000,0x00000000c8d92970,0x00000000cab80000)
 Metaspace       used 14696K, capacity 14980K, committed 15232K, reserved 1062912K
  class space    used 1834K, capacity 1912K, committed 1920K, reserved 1048576K
GC Heap History (10 events):
Event: 11.118 GC heap before
{Heap before GC invocations=2 (full 0):
 PSYoungGen      total 16896K, used 16877K [0x00000000ed780000, 0x00000000eea00000, 0x0000000100000000)
  eden space 14848K, 100% used [0x00000000ed780000,0x00000000ee600000,0x00000000ee600000)
  from space 2048K, 99% used [0x00000000ee600000,0x00000000ee7fb550,0x00000000ee800000)
  to   space 2048K, 0% used [0x00000000ee800000,0x00000000ee800000,0x00000000eea00000)
 ParOldGen       total 38400K, used 889K [0x00000000c8600000, 0x00000000cab80000, 0x00000000ed780000)
  object space 38400K, 2% used [0x00000000c8600000,0x00000000c86de5e0,0x00000000cab80000)
 Metaspace       used 7582K, capacity 7768K, committed 7936K, reserved 1056768K
  class space    used 946K, capacity 1016K, committed 1024K, reserved 1048576K
Event: 11.128 GC heap after
Heap after GC invocations=2 (full 0):
 PSYoungGen      total 16896K, used 2034K [0x00000000ed780000, 0x00000000eea00000, 0x0000000100000000)
  eden space 14848K, 0% used [0x00000000ed780000,0x00000000ed780000,0x00000000ee600000)
  from space 2048K, 99% used [0x00000000ee800000,0x00000000ee9fcb40,0x00000000eea00000)
  to   space 2048K, 0% used [0x00000000ee600000,0x00000000ee600000,0x00000000ee800000)
 ParOldGen       total 38400K, used 1533K [0x00000000c8600000, 0x00000000cab80000, 0x00000000ed780000)
  object space 38400K, 3% used [0x00000000c8600000,0x00000000c877f720,0x00000000cab80000)
 Metaspace       used 7582K, capacity 7768K, committed 7936K, reserved 1056768K
  class space    used 946K, capacity 1016K, committed 1024K, reserved 1048576K
}
Event: 12.649 GC heap before
{Heap before GC invocations=3 (full 0):
 PSYoungGen      total 16896K, used 16882K [0x00000000ed780000, 0x00000000eea00000, 0x0000000100000000)
  eden space 14848K, 100% used [0x00000000ed780000,0x00000000ee600000,0x00000000ee600000)
  from space 2048K, 99% used [0x00000000ee800000,0x00000000ee9fcb40,0x00000000eea00000)
  to   space 2048K, 0% used [0x00000000ee600000,0x00000000ee600000,0x00000000ee800000)
 ParOldGen       total 38400K, used 1533K [0x00000000c8600000, 0x00000000cab80000, 0x00000000ed780000)
  object space 38400K, 3% used [0x00000000c8600000,0x00000000c877f720,0x00000000cab80000)
 Metaspace       used 8743K, capacity 8868K, committed 9088K, reserved 1056768K
  class space    used 1084K, capacity 1146K, committed 1152K, reserved 1048576K
Event: 12.660 GC heap after
Heap after GC invocations=3 (full 0):
 PSYoungGen      total 16896K, used 2016K [0x00000000ed780000, 0x00000000eea00000, 0x0000000100000000)
  eden space 14848K, 0% used [0x00000000ed780000,0x00000000ed780000,0x00000000ee600000)
  from space 2048K, 98% used [0x00000000ee600000,0x00000000ee7f8020,0x00000000ee800000)
  to   space 2048K, 0% used [0x00000000ee800000,0x00000000ee800000,0x00000000eea00000)
 ParOldGen       total 38400K, used 3038K [0x00000000c8600000, 0x00000000cab80000, 0x00000000ed780000)
  object space 38400K, 7% used [0x00000000c8600000,0x00000000c88f7af0,0x00000000cab80000)
 Metaspace       used 8743K, capacity 8868K, committed 9088K, reserved 1056768K
  class space    used 1084K, capacity 1146K, committed 1152K, reserved 1048576K
}
Event: 14.299 GC heap before
{Heap before GC invocations=4 (full 0):
 PSYoungGen      total 16896K, used 16864K [0x00000000ed780000, 0x00000000eea00000, 0x0000000100000000)
  eden space 14848K, 100% used [0x00000000ed780000,0x00000000ee600000,0x00000000ee600000)
  from space 2048K, 98% used [0x00000000ee600000,0x00000000ee7f8020,0x00000000ee800000)
  to   space 2048K, 0% used [0x00000000ee800000,0x00000000ee800000,0x00000000eea00000)
 ParOldGen       total 38400K, used 3038K [0x00000000c8600000, 0x00000000cab80000, 0x00000000ed780000)
  object space 38400K, 7% used [0x00000000c8600000,0x00000000c88f7af0,0x00000000cab80000)
 Metaspace       used 10754K, capacity 10974K, committed 11264K, reserved 1058816K
  class space    used 1352K, capacity 1443K, committed 1536K, reserved 1048576K
Event: 14.314 GC heap after
Heap after GC invocations=4 (full 0):
 PSYoungGen      total 16896K, used 2032K [0x00000000ed780000, 0x00000000eea00000, 0x0000000100000000)
  eden space 14848K, 0% used [0x00000000ed780000,0x00000000ed780000,0x00000000ee600000)
  from space 2048K, 99% used [0x00000000ee800000,0x00000000ee9fc010,0x00000000eea00000)
  to   space 2048K, 0% used [0x00000000ee600000,0x00000000ee600000,0x00000000ee800000)
 ParOldGen       total 38400K, used 5529K [0x00000000c8600000, 0x00000000cab80000, 0x00000000ed780000)
  object space 38400K, 14% used [0x00000000c8600000,0x00000000c8b66450,0x00000000cab80000)
 Metaspace       used 10754K, capacity 10974K, committed 11264K, reserved 1058816K
  class space    used 1352K, capacity 1443K, committed 1536K, reserved 1048576K
}
Event: 16.567 GC heap before
{Heap before GC invocations=5 (full 0):
 PSYoungGen      total 16896K, used 16880K [0x00000000ed780000, 0x00000000eea00000, 0x0000000100000000)
  eden space 14848K, 100% used [0x00000000ed780000,0x00000000ee600000,0x00000000ee600000)
  from space 2048K, 99% used [0x00000000ee800000,0x00000000ee9fc010,0x00000000eea00000)
  to   space 2048K, 0% used [0x00000000ee600000,0x00000000ee600000,0x00000000ee800000)
 ParOldGen       total 38400K, used 5529K [0x00000000c8600000, 0x00000000cab80000, 0x00000000ed780000)
  object space 38400K, 14% used [0x00000000c8600000,0x00000000c8b66450,0x00000000cab80000)
 Metaspace       used 12640K, capacity 12800K, committed 13056K, reserved 1060864K
  class space    used 1590K, capacity 1678K, committed 1792K, reserved 1048576K
Event: 16.592 GC heap after
Heap after GC invocations=5 (full 0):
 PSYoungGen      total 16896K, used 2032K [0x00000000ed780000, 0x00000000ef000000, 0x0000000100000000)
  eden space 14848K, 0% used [0x00000000ed780000,0x00000000ed780000,0x00000000ee600000)
  from space 2048K, 99% used [0x00000000ee600000,0x00000000ee7fc030,0x00000000ee800000)
  to   space 5120K, 0% used [0x00000000eeb00000,0x00000000eeb00000,0x00000000ef000000)
 ParOldGen       total 38400K, used 7754K [0x00000000c8600000, 0x00000000cab80000, 0x00000000ed780000)
  object space 38400K, 20% used [0x00000000c8600000,0x00000000c8d92970,0x00000000cab80000)
 Metaspace       used 12640K, capacity 12800K, committed 13056K, reserved 1060864K
  class space    used 1590K, capacity 1678K, committed 1792K, reserved 1048576K
}
Event: 24.657 GC heap before
{Heap before GC invocations=6 (full 0):
 PSYoungGen      total 16896K, used 16880K [0x00000000ed780000, 0x00000000ef000000, 0x0000000100000000)
  eden space 14848K, 100% used [0x00000000ed780000,0x00000000ee600000,0x00000000ee600000)
  from space 2048K, 99% used [0x00000000ee600000,0x00000000ee7fc030,0x00000000ee800000)
  to   space 5120K, 0% used [0x00000000eeb00000,0x00000000eeb00000,0x00000000ef000000)
 ParOldGen       total 38400K, used 7754K [0x00000000c8600000, 0x00000000cab80000, 0x00000000ed780000)
  object space 38400K, 20% used [0x00000000c8600000,0x00000000c8d92970,0x00000000cab80000)
 Metaspace       used 14582K, capacity 14784K, committed 14976K, reserved 1062912K
  class space    used 1816K, capacity 1908K, committed 1920K, reserved 1048576K
Event: 24.704 GC heap after
Heap after GC invocations=6 (full 0):
 PSYoungGen      total 19456K, used 4255K [0x00000000ed780000, 0x00000000ef100000, 0x0000000100000000)
  eden space 14336K, 0% used [0x00000000ed780000,0x00000000ed780000,0x00000000ee580000)
  from space 5120K, 83% used [0x00000000eeb00000,0x00000000eef27f58,0x00000000ef000000)
  to   space 5632K, 0% used [0x00000000ee580000,0x00000000ee580000,0x00000000eeb00000)
 ParOldGen       total 38400K, used 7754K [0x00000000c8600000, 0x00000000cab80000, 0x00000000ed780000)
  object space 38400K, 20% used [0x00000000c8600000,0x00000000c8d92970,0x00000000cab80000)
 Metaspace       used 14582K, capacity 14784K, committed 14976K, reserved 1062912K
  class space    used 1816K, capacity 1908K, committed 1920K, reserved 1048576K
}

