# JRE version: Java(TM) SE Runtime Environment (8.0_77-b03) (build 1.8.0_77-b03)
# Java VM: Java HotSpot(TM) 64-Bit Server VM (25.77-b03 mixed mode windows-amd64 compressed oops)
Heap:
 PSYoungGen      total 31744K, used 3192K [0x00000000ed780000, 0x00000000f1e80000, 0x0000000100000000)
  eden space 29696K, 3% used [0x00000000ed780000,0x00000000ed8a6330,0x00000000ef480000)
  from space 2048K, 98% used [0x00000000ef480000,0x00000000ef678020,0x00000000ef680000)
  to   space 6656K, 0% used [0x00000000f1800000,0x00000000f1800000,0x00000000f1e80000)
 ParOldGen       total 38400K, used 9737K [0x00000000c8600000, 0x00000000cab80000, 0x00000000ed780000)
  object space 38400K, 25% used [0x00000000c8600000,0x00000000c8f82410,0x00000000cab80000)
 Metaspace       used 14628K, capacity 14916K, committed 14976K, reserved 1062912K
  class space    used 1819K, capacity 1908K, committed 1920K, reserved 1048576K
GC Heap History (10 events):
Event: 4.627 GC heap before
{Heap before GC invocations=1 (full 0):
 PSYoungGen      total 16896K, used 14848K [0x00000000ed780000, 0x00000000eea00000, 0x0000000100000000)
  eden space 14848K, 100% used [0x00000000ed780000,0x00000000ee600000,0x00000000ee600000)
  from space 2048K, 0% used [0x00000000ee800000,0x00000000ee800000,0x00000000eea00000)
  to   space 2048K, 0% used [0x00000000ee600000,0x00000000ee600000,0x00000000ee800000)
 ParOldGen       total 38400K, used 0K [0x00000000c8600000, 0x00000000cab80000, 0x00000000ed780000)
  object space 38400K, 0% used [0x00000000c8600000,0x00000000c8600000,0x00000000cab80000)
 Metaspace       used 6273K, capacity 6380K, committed 6528K, reserved 1056768K
  class space    used 736K, capacity 792K, committed 896K, reserved 1048576K
Event: 4.639 GC heap after
Heap after GC invocations=1 (full 0):
 PSYoungGen      total 16896K, used 2028K [0x00000000ed780000, 0x00000000eea00000, 0x0000000100000000)
  eden space 14848K, 0% used [0x00000000ed780000,0x00000000ed780000,0x00000000ee600000)
  from space 2048K, 99% used [0x00000000ee600000,0x00000000ee7fb2b0,0x00000000ee800000)
  to   space 2048K, 0% used [0x00000000ee800000,0x00000000ee800000,0x00000000eea00000)
 ParOldGen       total 38400K, used 821K [0x00000000c8600000, 0x00000000cab80000, 0x00000000ed780000)
  object space 38400K, 2% used [0x00000000c8600000,0x00000000c86cd440,0x00000000cab80000)
 Metaspace       used 6273K, capacity 6380K, committed 6528K, reserved 1056768K
  class space    used 736K, capacity 792K, committed 896K, reserved 1048576K
}
Event: 6.838 GC heap before
{Heap before GC invocations=2 (full 0):
 PSYoungGen      total 16896K, used 16876K [0x00000000ed780000, 0x00000000eea00000, 0x0000000100000000)
  eden space 14848K, 100% used [0x00000000ed780000,0x00000000ee600000,0x00000000ee600000)
  from space 2048K, 99% used [0x00000000ee600000,0x00000000ee7fb2b0,0x00000000ee800000)
  to   space 2048K, 0% used [0x00000000ee800000,0x00000000ee800000,0x00000000eea00000)
 ParOldGen       total 38400K, used 821K [0x00000000c8600000, 0x00000000cab80000, 0x00000000ed780000)
  object space 38400K, 2% used [0x00000000c8600000,0x00000000c86cd440,0x00000000cab80000)
 Metaspace       used 7592K, capacity 7772K, committed 7936K, reserved 1056768K
  class space    used 950K, capacity 1016K, committed 1024K, reserved 1048576K
Event: 6.911 GC heap after
Heap after GC invocations=2 (full 0):
 PSYoungGen      total 16896K, used 2043K [0x00000000ed780000, 0x00000000ef880000, 0x0000000100000000)
  eden space 14848K, 0% used [0x00000000ed780000,0x00000000ed780000,0x00000000ee600000)
  from space 2048K, 99% used [0x00000000ee800000,0x00000000ee9fec48,0x00000000eea00000)
  to   space 2048K, 0% used [0x00000000ee600000,0x00000000ee600000,0x00000000ee800000)
 ParOldGen       total 38400K, used 1415K [0x00000000c8600000, 0x00000000cab80000, 0x00000000ed780000)
  object space 38400K, 3% used [0x00000000c8600000,0x00000000c8761db0,0x00000000cab80000)
 Metaspace       used 7592K, capacity 7772K, committed 7936K, reserved 1056768K
  class space    used 950K, capacity 1016K, committed 1024K, reserved 1048576K
}
Event: 8.460 GC heap before
{Heap before GC invocations=3 (full 0):
 PSYoungGen      total 16896K, used 16891K [0x00000000ed780000, 0x00000000ef880000, 0x0000000100000000)
  eden space 14848K, 100% used [0x00000000ed780000,0x00000000ee600000,0x00000000ee600000)
  from space 2048K, 99% used [0x00000000ee800000,0x00000000ee9fec48,0x00000000eea00000)
  to   space 2048K, 0% used [0x00000000ee600000,0x00000000ee600000,0x00000000ee800000)
 ParOldGen       total 38400K, used 1415K [0x00000000c8600000, 0x00000000cab80000, 0x00000000ed780000)
  object space 38400K, 3% used [0x00000000c8600000,0x00000000c8761db0,0x00000000cab80000)
 Metaspace       used 8752K, capacity 8872K, committed 9088K, reserved 1056768K
  class space    used 1084K, capacity 1146K, committed 1152K, reserved 1048576K
Event: 8.472 GC heap after
Heap after GC invocations=3 (full 0):
 PSYoungGen      total 16896K, used 2048K [0x00000000ed780000, 0x00000000ef880000, 0x0000000100000000)
  eden space 14848K, 0% used [0x00000000ed780000,0x00000000ed780000,0x00000000ee600000)
  from space 2048K, 100% used [0x00000000ee600000,0x00000000ee800000,0x00000000ee800000)
  to   space 2048K, 0% used [0x00000000ef680000,0x00000000ef680000,0x00000000ef880000)
 ParOldGen       total 38400K, used 2866K [0x00000000c8600000, 0x00000000cab80000, 0x00000000ed780000)
  object space 38400K, 7% used [0x00000000c8600000,0x00000000c88cca10,0x00000000cab80000)
 Metaspace       used 8752K, capacity 8872K, committed 9088K, reserved 1056768K
  class space    used 1084K, capacity 1146K, committed 1152K, reserved 1048576K
}
Event: 10.389 GC heap before
{Heap before GC invocations=4 (full 0):
 PSYoungGen      total 16896K, used 16896K [0x00000000ed780000, 0x00000000ef880000, 0x0000000100000000)
  eden space 14848K, 100% used [0x00000000ed780000,0x00000000ee600000,0x00000000ee600000)
  from space 2048K, 100% used [0x00000000ee600000,0x00000000ee800000,0x00000000ee800000)
  to   space 2048K, 0% used [0x00000000ef680000,0x00000000ef680000,0x00000000ef880000)
 ParOldGen       total 38400K, used 2866K [0x00000000c8600000, 0x00000000cab80000, 0x00000000ed780000)
  object space 38400K, 7% used [0x00000000c8600000,0x00000000c88cca10,0x00000000cab80000)
 Metaspace       used 10766K, capacity 10978K, committed 11264K, reserved 1058816K
  class space    used 1350K, capacity 1443K, committed 1536K, reserved 1048576K
Event: 10.454 GC heap after
Heap after GC invocations=4 (full 0):
 PSYoungGen      total 31744K, used 2032K [0x00000000ed780000, 0x00000000ef880000, 0x0000000100000000)
  eden space 29696K, 0% used [0x00000000ed780000,0x00000000ed780000,0x00000000ef480000)
  from space 2048K, 99% used [0x00000000ef680000,0x00000000ef87c010,0x00000000ef880000)
  to   space 2048K, 0% used [0x00000000ef480000,0x00000000ef480000,0x00000000ef680000)
 ParOldGen       total 38400K, used 5382K [0x00000000c8600000, 0x00000000cab80000, 0x00000000ed780000)
  object space 38400K, 14% used [0x00000000c8600000,0x00000000c8b41a58,0x00000000cab80000)
 Metaspace       used 10766K, capacity 10978K, committed 11264K, reserved 1058816K
  class space    used 1350K, capacity 1443K, committed 1536K, reserved 1048576K
}
Event: 19.806 GC heap before
{Heap before GC invocations=5 (full 0):
 PSYoungGen      total 31744K, used 31728K [0x00000000ed780000, 0x00000000ef880000, 0x0000000100000000)
  eden space 29696K, 100% used [0x00000000ed780000,0x00000000ef480000,0x00000000ef480000)
  from space 2048K, 99% used [0x00000000ef680000,0x00000000ef87c010,0x00000000ef880000)
  to   space 2048K, 0% used [0x00000000ef480000,0x00000000ef480000,0x00000000ef680000)
 ParOldGen       total 38400K, used 5382K [0x00000000c8600000, 0x00000000cab80000, 0x00000000ed780000)
  object space 38400K, 14% used [0x00000000c8600000,0x00000000c8b41a58,0x00000000cab80000)
 Metaspace       used 14568K, capacity 14788K, committed 14976K, reserved 1062912K
  class space    used 1807K, capacity 1908K, committed 1920K, reserved 1048576K
Event: 19.890 GC heap after
Heap after GC invocations=5 (full 0):
 PSYoungGen      total 31744K, used 2016K [0x00000000ed780000, 0x00000000f1e80000, 0x0000000100000000)
  eden space 29696K, 0% used [0x00000000ed780000,0x00000000ed780000,0x00000000ef480000)
  from space 2048K, 98% used [0x00000000ef480000,0x00000000ef678020,0x00000000ef680000)
  to   space 6656K, 0% used [0x00000000f1800000,0x00000000f1800000,0x00000000f1e80000)
 ParOldGen       total 38400K, used 9737K [0x00000000c8600000, 0x00000000cab80000, 0x00000000ed780000)
  object space 38400K, 25% used [0x00000000c8600000,0x00000000c8f82410,0x00000000cab80000)
 Metaspace       used 14568K, capacity 14788K, committed 14976K, reserved 1062912K
  class space    used 1807K, capacity 1908K, committed 1920K, reserved 1048576K
}

