# JRE version: Java(TM) SE Runtime Environment (8.0_77-b03) (build 1.8.0_77-b03)
# Java VM: Java HotSpot(TM) 64-Bit Server VM (25.77-b03 mixed mode windows-amd64 compressed oops)
Heap:
 PSYoungGen      total 16896K, used 8578K [0x00000000ed780000, 0x00000000eea00000, 0x0000000100000000)
  eden space 14848K, 44% used [0x00000000ed780000,0x00000000edde5338,0x00000000ee600000)
  from space 2048K, 99% used [0x00000000ee800000,0x00000000ee9fb5e0,0x00000000eea00000)
  to   space 2048K, 0% used [0x00000000ee600000,0x00000000ee600000,0x00000000ee800000)
 ParOldGen       total 27136K, used 3294K [0x00000000c8600000, 0x00000000ca080000, 0x00000000ed780000)
  object space 27136K, 12% used [0x00000000c8600000,0x00000000c89378e0,0x00000000ca080000)
 Metaspace       used 10985K, capacity 11108K, committed 11264K, reserved 1064960K
  class space    used 1379K, capacity 1444K, committed 1536K, reserved 1048576K
GC Heap History (10 events):
Event: 1.883 GC heap before
{Heap before GC invocations=1 (full 0):
 PSYoungGen      total 16896K, used 14817K [0x00000000ed780000, 0x00000000eea00000, 0x0000000100000000)
  eden space 14848K, 99% used [0x00000000ed780000,0x00000000ee5f8648,0x00000000ee600000)
  from space 2048K, 0% used [0x00000000ee800000,0x00000000ee800000,0x00000000eea00000)
  to   space 2048K, 0% used [0x00000000ee600000,0x00000000ee600000,0x00000000ee800000)
 ParOldGen       total 38400K, used 0K [0x00000000c8600000, 0x00000000cab80000, 0x00000000ed780000)
  object space 38400K, 0% used [0x00000000c8600000,0x00000000c8600000,0x00000000cab80000)
 Metaspace       used 6221K, capacity 6380K, committed 6528K, reserved 1056768K
  class space    used 733K, capacity 792K, committed 896K, reserved 1048576K
Event: 1.891 GC heap after
Heap after GC invocations=1 (full 0):
 PSYoungGen      total 16896K, used 2028K [0x00000000ed780000, 0x00000000eea00000, 0x0000000100000000)
  eden space 14848K, 0% used [0x00000000ed780000,0x00000000ed780000,0x00000000ee600000)
  from space 2048K, 99% used [0x00000000ee600000,0x00000000ee7fb270,0x00000000ee800000)
  to   space 2048K, 0% used [0x00000000ee800000,0x00000000ee800000,0x00000000eea00000)
 ParOldGen       total 38400K, used 920K [0x00000000c8600000, 0x00000000cab80000, 0x00000000ed780000)
  object space 38400K, 2% used [0x00000000c8600000,0x00000000c86e6210,0x00000000cab80000)
 Metaspace       used 6221K, capacity 6380K, committed 6528K, reserved 1056768K
  class space    used 733K, capacity 792K, committed 896K, reserved 1048576K
}
Event: 2.685 GC heap before
{Heap before GC invocations=2 (full 0):
 PSYoungGen      total 16896K, used 16876K [0x00000000ed780000, 0x00000000eea00000, 0x0000000100000000)
  eden space 14848K, 100% used [0x00000000ed780000,0x00000000ee600000,0x00000000ee600000)
  from space 2048K, 99% used [0x00000000ee600000,0x00000000ee7fb270,0x00000000ee800000)
  to   space 2048K, 0% used [0x00000000ee800000,0x00000000ee800000,0x00000000eea00000)
 ParOldGen       total 38400K, used 920K [0x00000000c8600000, 0x00000000cab80000, 0x00000000ed780000)
  object space 38400K, 2% used [0x00000000c8600000,0x00000000c86e6210,0x00000000cab80000)
 Metaspace       used 7581K, capacity 7768K, committed 7936K, reserved 1056768K
  class space    used 945K, capacity 1016K, committed 1024K, reserved 1048576K
Event: 2.694 GC heap after
Heap after GC invocations=2 (full 0):
 PSYoungGen      total 16896K, used 2025K [0x00000000ed780000, 0x00000000eea00000, 0x0000000100000000)
  eden space 14848K, 0% used [0x00000000ed780000,0x00000000ed780000,0x00000000ee600000)
  from space 2048K, 98% used [0x00000000ee800000,0x00000000ee9fa730,0x00000000eea00000)
  to   space 2048K, 0% used [0x00000000ee600000,0x00000000ee600000,0x00000000ee800000)
 ParOldGen       total 38400K, used 1612K [0x00000000c8600000, 0x00000000cab80000, 0x00000000ed780000)
  object space 38400K, 4% used [0x00000000c8600000,0x00000000c87933f0,0x00000000cab80000)
 Metaspace       used 7581K, capacity 7768K, committed 7936K, reserved 1056768K
  class space    used 945K, capacity 1016K, committed 1024K, reserved 1048576K
}
Event: 3.229 GC heap before
{Heap before GC invocations=3 (full 0):
 PSYoungGen      total 16896K, used 12452K [0x00000000ed780000, 0x00000000eea00000, 0x0000000100000000)
  eden space 14848K, 70% used [0x00000000ed780000,0x00000000ee1aec10,0x00000000ee600000)
  from space 2048K, 98% used [0x00000000ee800000,0x00000000ee9fa730,0x00000000eea00000)
  to   space 2048K, 0% used [0x00000000ee600000,0x00000000ee600000,0x00000000ee800000)
 ParOldGen       total 38400K, used 1612K [0x00000000c8600000, 0x00000000cab80000, 0x00000000ed780000)
  object space 38400K, 4% used [0x00000000c8600000,0x00000000c87933f0,0x00000000cab80000)
 Metaspace       used 8312K, capacity 8414K, committed 8576K, reserved 1064960K
  class space    used 1033K, capacity 1081K, committed 1152K, reserved 1048576K
Event: 3.238 GC heap after
Heap after GC invocations=3 (full 0):
 PSYoungGen      total 16896K, used 2038K [0x00000000ed780000, 0x00000000eea00000, 0x0000000100000000)
  eden space 14848K, 0% used [0x00000000ed780000,0x00000000ed780000,0x00000000ee600000)
  from space 2048K, 99% used [0x00000000ee600000,0x00000000ee7fd878,0x00000000ee800000)
  to   space 2048K, 0% used [0x00000000ee800000,0x00000000ee800000,0x00000000eea00000)
 ParOldGen       total 38400K, used 2405K [0x00000000c8600000, 0x00000000cab80000, 0x00000000ed780000)
  object space 38400K, 6% used [0x00000000c8600000,0x00000000c8859400,0x00000000cab80000)
 Metaspace       used 8312K, capacity 8414K, committed 8576K, reserved 1064960K
  class space    used 1033K, capacity 1081K, committed 1152K, reserved 1048576K
}
Event: 3.238 GC heap before
{Heap before GC invocations=4 (full 1):
 PSYoungGen      total 16896K, used 2038K [0x00000000ed780000, 0x00000000eea00000, 0x0000000100000000)
  eden space 14848K, 0% used [0x00000000ed780000,0x00000000ed780000,0x00000000ee600000)
  from space 2048K, 99% used [0x00000000ee600000,0x00000000ee7fd878,0x00000000ee800000)
  to   space 2048K, 0% used [0x00000000ee800000,0x00000000ee800000,0x00000000eea00000)
 ParOldGen       total 38400K, used 2405K [0x00000000c8600000, 0x00000000cab80000, 0x00000000ed780000)
  object space 38400K, 6% used [0x00000000c8600000,0x00000000c8859400,0x00000000cab80000)
 Metaspace       used 8312K, capacity 8414K, committed 8576K, reserved 1064960K
  class space    used 1033K, capacity 1081K, committed 1152K, reserved 1048576K
Event: 3.280 GC heap after
Heap after GC invocations=4 (full 1):
 PSYoungGen      total 16896K, used 0K [0x00000000ed780000, 0x00000000eea00000, 0x0000000100000000)
  eden space 14848K, 0% used [0x00000000ed780000,0x00000000ed780000,0x00000000ee600000)
  from space 2048K, 0% used [0x00000000ee600000,0x00000000ee600000,0x00000000ee800000)
  to   space 2048K, 0% used [0x00000000ee800000,0x00000000ee800000,0x00000000eea00000)
 ParOldGen       total 27136K, used 2707K [0x00000000c8600000, 0x00000000ca080000, 0x00000000ed780000)
  object space 27136K, 9% used [0x00000000c8600000,0x00000000c88a4ca0,0x00000000ca080000)
 Metaspace       used 8312K, capacity 8414K, committed 8576K, reserved 1062912K
  class space    used 1033K, capacity 1081K, committed 1152K, reserved 1048576K
}
Event: 4.039 GC heap before
{Heap before GC invocations=5 (full 1):
 PSYoungGen      total 16896K, used 14848K [0x00000000ed780000, 0x00000000eea00000, 0x0000000100000000)
  eden space 14848K, 100% used [0x00000000ed780000,0x00000000ee600000,0x00000000ee600000)
  from space 2048K, 0% used [0x00000000ee600000,0x00000000ee600000,0x00000000ee800000)
  to   space 2048K, 0% used [0x00000000ee800000,0x00000000ee800000,0x00000000eea00000)
 ParOldGen       total 27136K, used 2707K [0x00000000c8600000, 0x00000000ca080000, 0x00000000ed780000)
  object space 27136K, 9% used [0x00000000c8600000,0x00000000c88a4ca0,0x00000000ca080000)
 Metaspace       used 10166K, capacity 10298K, committed 10624K, reserved 1062912K
  class space    used 1271K, capacity 1347K, committed 1408K, reserved 1048576K
Event: 4.044 GC heap after
Heap after GC invocations=5 (full 1):
 PSYoungGen      total 16896K, used 2029K [0x00000000ed780000, 0x00000000eea00000, 0x0000000100000000)
  eden space 14848K, 0% used [0x00000000ed780000,0x00000000ed780000,0x00000000ee600000)
  from space 2048K, 99% used [0x00000000ee800000,0x00000000ee9fb5e0,0x00000000eea00000)
  to   space 2048K, 0% used [0x00000000ee600000,0x00000000ee600000,0x00000000ee800000)
 ParOldGen       total 27136K, used 3294K [0x00000000c8600000, 0x00000000ca080000, 0x00000000ed780000)
  object space 27136K, 12% used [0x00000000c8600000,0x00000000c89378e0,0x00000000ca080000)
 Metaspace       used 10166K, capacity 10298K, committed 10624K, reserved 1062912K
  class space    used 1271K, capacity 1347K, committed 1408K, reserved 1048576K
}

