# JRE version: Java(TM) SE Runtime Environment (8.0_77-b03) (build 1.8.0_77-b03)
# Java VM: Java HotSpot(TM) 64-Bit Server VM (25.77-b03 mixed mode windows-amd64 compressed oops)
Heap:
 PSYoungGen      total 66048K, used 2663K [0x00000000ed780000, 0x00000000f2580000, 0x0000000100000000)
  eden space 53760K, 4% used [0x00000000ed780000,0x00000000eda19c68,0x00000000f0c00000)
  from space 12288K, 0% used [0x00000000f0c00000,0x00000000f0c00000,0x00000000f1800000)
  to   space 8704K, 0% used [0x00000000f1800000,0x00000000f1800000,0x00000000f2080000)
 ParOldGen       total 48640K, used 19567K [0x00000000c8600000, 0x00000000cb580000, 0x00000000ed780000)
  object space 48640K, 40% used [0x00000000c8600000,0x00000000c991bf40,0x00000000cb580000)
 Metaspace       used 23881K, capacity 24440K, committed 24704K, reserved 1071104K
  class space    used 2887K, capacity 3089K, committed 3200K, reserved 1048576K
GC Heap History (10 events):
Event: 17.804 GC heap before
{Heap before GC invocations=7 (full 0):
 PSYoungGen      total 66048K, used 63842K [0x00000000ed780000, 0x00000000f1e80000, 0x0000000100000000)
  eden space 59392K, 100% used [0x00000000ed780000,0x00000000f1180000,0x00000000f1180000)
  from space 6656K, 66% used [0x00000000f1800000,0x00000000f1c58888,0x00000000f1e80000)
  to   space 6656K, 0% used [0x00000000f1180000,0x00000000f1180000,0x00000000f1800000)
 ParOldGen       total 38400K, used 10125K [0x00000000c8600000, 0x00000000cab80000, 0x00000000ed780000)
  object space 38400K, 26% used [0x00000000c8600000,0x00000000c8fe35e0,0x00000000cab80000)
 Metaspace       used 19535K, capacity 19954K, committed 20224K, reserved 1067008K
  class space    used 2399K, capacity 2543K, committed 2560K, reserved 1048576K
Event: 17.835 GC heap after
Heap after GC invocations=7 (full 0):
 PSYoungGen      total 64000K, used 6654K [0x00000000ed780000, 0x00000000f2080000, 0x0000000100000000)
  eden space 57344K, 0% used [0x00000000ed780000,0x00000000ed780000,0x00000000f0f80000)
  from space 6656K, 99% used [0x00000000f1180000,0x00000000f17ffb20,0x00000000f1800000)
  to   space 8704K, 0% used [0x00000000f1800000,0x00000000f1800000,0x00000000f2080000)
 ParOldGen       total 38400K, used 11821K [0x00000000c8600000, 0x00000000cab80000, 0x00000000ed780000)
  object space 38400K, 30% used [0x00000000c8600000,0x00000000c918b738,0x00000000cab80000)
 Metaspace       used 19535K, capacity 19954K, committed 20224K, reserved 1067008K
  class space    used 2399K, capacity 2543K, committed 2560K, reserved 1048576K
}
Event: 22.584 GC heap before
{Heap before GC invocations=8 (full 0):
 PSYoungGen      total 64000K, used 37846K [0x00000000ed780000, 0x00000000f2080000, 0x0000000100000000)
  eden space 57344K, 54% used [0x00000000ed780000,0x00000000ef5f5d20,0x00000000f0f80000)
  from space 6656K, 99% used [0x00000000f1180000,0x00000000f17ffb20,0x00000000f1800000)
  to   space 8704K, 0% used [0x00000000f1800000,0x00000000f1800000,0x00000000f2080000)
 ParOldGen       total 38400K, used 11821K [0x00000000c8600000, 0x00000000cab80000, 0x00000000ed780000)
  object space 38400K, 30% used [0x00000000c8600000,0x00000000c918b738,0x00000000cab80000)
 Metaspace       used 20820K, capacity 21138K, committed 21296K, reserved 1069056K
  class space    used 2521K, capacity 2639K, committed 2688K, reserved 1048576K
Event: 22.614 GC heap after
Heap after GC invocations=8 (full 0):
 PSYoungGen      total 62464K, used 8683K [0x00000000ed780000, 0x00000000f2580000, 0x0000000100000000)
  eden space 53760K, 0% used [0x00000000ed780000,0x00000000ed780000,0x00000000f0c00000)
  from space 8704K, 99% used [0x00000000f1800000,0x00000000f207ade0,0x00000000f2080000)
  to   space 12288K, 0% used [0x00000000f0c00000,0x00000000f0c00000,0x00000000f1800000)
 ParOldGen       total 38400K, used 17579K [0x00000000c8600000, 0x00000000cab80000, 0x00000000ed780000)
  object space 38400K, 45% used [0x00000000c8600000,0x00000000c972ae00,0x00000000cab80000)
 Metaspace       used 20820K, capacity 21138K, committed 21296K, reserved 1069056K
  class space    used 2521K, capacity 2639K, committed 2688K, reserved 1048576K
}
Event: 22.615 GC heap before
{Heap before GC invocations=9 (full 1):
 PSYoungGen      total 62464K, used 8683K [0x00000000ed780000, 0x00000000f2580000, 0x0000000100000000)
  eden space 53760K, 0% used [0x00000000ed780000,0x00000000ed780000,0x00000000f0c00000)
  from space 8704K, 99% used [0x00000000f1800000,0x00000000f207ade0,0x00000000f2080000)
  to   space 12288K, 0% used [0x00000000f0c00000,0x00000000f0c00000,0x00000000f1800000)
 ParOldGen       total 38400K, used 17579K [0x00000000c8600000, 0x00000000cab80000, 0x00000000ed780000)
  object space 38400K, 45% used [0x00000000c8600000,0x00000000c972ae00,0x00000000cab80000)
 Metaspace       used 20820K, capacity 21138K, committed 21296K, reserved 1069056K
  class space    used 2521K, capacity 2639K, committed 2688K, reserved 1048576K
Event: 22.835 GC heap after
Heap after GC invocations=9 (full 1):
 PSYoungGen      total 62464K, used 0K [0x00000000ed780000, 0x00000000f2580000, 0x0000000100000000)
  eden space 53760K, 0% used [0x00000000ed780000,0x00000000ed780000,0x00000000f0c00000)
  from space 8704K, 0% used [0x00000000f1800000,0x00000000f1800000,0x00000000f2080000)
  to   space 12288K, 0% used [0x00000000f0c00000,0x00000000f0c00000,0x00000000f1800000)
 ParOldGen       total 48640K, used 19601K [0x00000000c8600000, 0x00000000cb580000, 0x00000000ed780000)
  object space 48640K, 40% used [0x00000000c8600000,0x00000000c99246e8,0x00000000cb580000)
 Metaspace       used 20820K, capacity 21138K, committed 21296K, reserved 1069056K
  class space    used 2521K, capacity 2639K, committed 2688K, reserved 1048576K
}
Event: 48.359 GC heap before
{Heap before GC invocations=10 (full 1):
 PSYoungGen      total 62464K, used 46102K [0x00000000ed780000, 0x00000000f2580000, 0x0000000100000000)
  eden space 53760K, 85% used [0x00000000ed780000,0x00000000f04858b8,0x00000000f0c00000)
  from space 8704K, 0% used [0x00000000f1800000,0x00000000f1800000,0x00000000f2080000)
  to   space 12288K, 0% used [0x00000000f0c00000,0x00000000f0c00000,0x00000000f1800000)
 ParOldGen       total 48640K, used 19601K [0x00000000c8600000, 0x00000000cb580000, 0x00000000ed780000)
  object space 48640K, 40% used [0x00000000c8600000,0x00000000c99246e8,0x00000000cb580000)
 Metaspace       used 23875K, capacity 24440K, committed 24704K, reserved 1071104K
  class space    used 2887K, capacity 3089K, committed 3200K, reserved 1048576K
Event: 48.372 GC heap after
Heap after GC invocations=10 (full 1):
 PSYoungGen      total 66048K, used 4488K [0x00000000ed780000, 0x00000000f2580000, 0x0000000100000000)
  eden space 53760K, 0% used [0x00000000ed780000,0x00000000ed780000,0x00000000f0c00000)
  from space 12288K, 36% used [0x00000000f0c00000,0x00000000f10621f0,0x00000000f1800000)
  to   space 8704K, 0% used [0x00000000f1800000,0x00000000f1800000,0x00000000f2080000)
 ParOldGen       total 48640K, used 19609K [0x00000000c8600000, 0x00000000cb580000, 0x00000000ed780000)
  object space 48640K, 40% used [0x00000000c8600000,0x00000000c99266e8,0x00000000cb580000)
 Metaspace       used 23875K, capacity 24440K, committed 24704K, reserved 1071104K
  class space    used 2887K, capacity 3089K, committed 3200K, reserved 1048576K
}
Event: 48.372 GC heap before
{Heap before GC invocations=11 (full 2):
 PSYoungGen      total 66048K, used 4488K [0x00000000ed780000, 0x00000000f2580000, 0x0000000100000000)
  eden space 53760K, 0% used [0x00000000ed780000,0x00000000ed780000,0x00000000f0c00000)
  from space 12288K, 36% used [0x00000000f0c00000,0x00000000f10621f0,0x00000000f1800000)
  to   space 8704K, 0% used [0x00000000f1800000,0x00000000f1800000,0x00000000f2080000)
 ParOldGen       total 48640K, used 19609K [0x00000000c8600000, 0x00000000cb580000, 0x00000000ed780000)
  object space 48640K, 40% used [0x00000000c8600000,0x00000000c99266e8,0x00000000cb580000)
 Metaspace       used 23875K, capacity 24440K, committed 24704K, reserved 1071104K
  class space    used 2887K, capacity 3089K, committed 3200K, reserved 1048576K
Event: 48.629 GC heap after
Heap after GC invocations=11 (full 2):
 PSYoungGen      total 66048K, used 0K [0x00000000ed780000, 0x00000000f2580000, 0x0000000100000000)
  eden space 53760K, 0% used [0x00000000ed780000,0x00000000ed780000,0x00000000f0c00000)
  from space 12288K, 0% used [0x00000000f0c00000,0x00000000f0c00000,0x00000000f1800000)
  to   space 8704K, 0% used [0x00000000f1800000,0x00000000f1800000,0x00000000f2080000)
 ParOldGen       total 48640K, used 19567K [0x00000000c8600000, 0x00000000cb580000, 0x00000000ed780000)
  object space 48640K, 40% used [0x00000000c8600000,0x00000000c991bf40,0x00000000cb580000)
 Metaspace       used 23875K, capacity 24440K, committed 24704K, reserved 1071104K
  class space    used 2887K, capacity 3089K, committed 3200K, reserved 1048576K
}

