# JRE version: Java(TM) SE Runtime Environment (8.0_77-b03) (build 1.8.0_77-b03)
# Java VM: Java HotSpot(TM) 64-Bit Server VM (25.77-b03 mixed mode windows-amd64 compressed oops)
Heap:
 PSYoungGen      total 65536K, used 1150K [0x00000000eab00000, 0x00000000f2a00000, 0x0000000100000000)
  eden space 57856K, 1% used [0x00000000eab00000,0x00000000eac1f868,0x00000000ee380000)
  from space 7680K, 0% used [0x00000000ee380000,0x00000000ee380000,0x00000000eeb00000)
  to   space 7168K, 0% used [0x00000000f2300000,0x00000000f2300000,0x00000000f2a00000)
 ParOldGen       total 32256K, used 8681K [0x00000000c0000000, 0x00000000c1f80000, 0x00000000eab00000)
  object space 32256K, 26% used [0x00000000c0000000,0x00000000c087a458,0x00000000c1f80000)
 Metaspace       used 21082K, capacity 21330K, committed 21504K, reserved 1069056K
  class space    used 2727K, capacity 2784K, committed 2816K, reserved 1048576K
GC Heap History (10 events):
Event: 7.377 GC heap before
{Heap before GC invocations=4 (full 0):
 PSYoungGen      total 16896K, used 16866K [0x00000000eab00000, 0x00000000ecc00000, 0x0000000100000000)
  eden space 14848K, 100% used [0x00000000eab00000,0x00000000eb980000,0x00000000eb980000)
  from space 2048K, 98% used [0x00000000eb980000,0x00000000ebb789d0,0x00000000ebb80000)
  to   space 2048K, 0% used [0x00000000eca00000,0x00000000eca00000,0x00000000ecc00000)
 ParOldGen       total 38400K, used 2543K [0x00000000c0000000, 0x00000000c2580000, 0x00000000eab00000)
  object space 38400K, 6% used [0x00000000c0000000,0x00000000c027be10,0x00000000c2580000)
 Metaspace       used 9839K, capacity 10010K, committed 10240K, reserved 1058816K
  class space    used 1217K, capacity 1277K, committed 1280K, reserved 1048576K
Event: 7.398 GC heap after
Heap after GC invocations=4 (full 0):
 PSYoungGen      total 31744K, used 2022K [0x00000000eab00000, 0x00000000ecc00000, 0x0000000100000000)
  eden space 29696K, 0% used [0x00000000eab00000,0x00000000eab00000,0x00000000ec800000)
  from space 2048K, 98% used [0x00000000eca00000,0x00000000ecbf9af0,0x00000000ecc00000)
  to   space 2048K, 0% used [0x00000000ec800000,0x00000000ec800000,0x00000000eca00000)
 ParOldGen       total 38400K, used 3788K [0x00000000c0000000, 0x00000000c2580000, 0x00000000eab00000)
  object space 38400K, 9% used [0x00000000c0000000,0x00000000c03b3280,0x00000000c2580000)
 Metaspace       used 9839K, capacity 10010K, committed 10240K, reserved 1058816K
  class space    used 1217K, capacity 1277K, committed 1280K, reserved 1048576K
}
Event: 12.031 GC heap before
{Heap before GC invocations=5 (full 0):
 PSYoungGen      total 31744K, used 31718K [0x00000000eab00000, 0x00000000ecc00000, 0x0000000100000000)
  eden space 29696K, 100% used [0x00000000eab00000,0x00000000ec800000,0x00000000ec800000)
  from space 2048K, 98% used [0x00000000eca00000,0x00000000ecbf9af0,0x00000000ecc00000)
  to   space 2048K, 0% used [0x00000000ec800000,0x00000000ec800000,0x00000000eca00000)
 ParOldGen       total 38400K, used 3788K [0x00000000c0000000, 0x00000000c2580000, 0x00000000eab00000)
  object space 38400K, 9% used [0x00000000c0000000,0x00000000c03b3280,0x00000000c2580000)
 Metaspace       used 15393K, capacity 15564K, committed 15616K, reserved 1062912K
  class space    used 1987K, capacity 2016K, committed 2048K, reserved 1048576K
Event: 12.054 GC heap after
Heap after GC invocations=5 (full 0):
 PSYoungGen      total 31744K, used 2022K [0x00000000eab00000, 0x00000000ef100000, 0x0000000100000000)
  eden space 29696K, 0% used [0x00000000eab00000,0x00000000eab00000,0x00000000ec800000)
  from space 2048K, 98% used [0x00000000ec800000,0x00000000ec9f9b10,0x00000000eca00000)
  to   space 6144K, 0% used [0x00000000eeb00000,0x00000000eeb00000,0x00000000ef100000)
 ParOldGen       total 38400K, used 8386K [0x00000000c0000000, 0x00000000c2580000, 0x00000000eab00000)
  object space 38400K, 21% used [0x00000000c0000000,0x00000000c0830ab0,0x00000000c2580000)
 Metaspace       used 15393K, capacity 15564K, committed 15616K, reserved 1062912K
  class space    used 1987K, capacity 2016K, committed 2048K, reserved 1048576K
}
Event: 15.586 GC heap before
{Heap before GC invocations=6 (full 0):
 PSYoungGen      total 31744K, used 31718K [0x00000000eab00000, 0x00000000ef100000, 0x0000000100000000)
  eden space 29696K, 100% used [0x00000000eab00000,0x00000000ec800000,0x00000000ec800000)
  from space 2048K, 98% used [0x00000000ec800000,0x00000000ec9f9b10,0x00000000eca00000)
  to   space 6144K, 0% used [0x00000000eeb00000,0x00000000eeb00000,0x00000000ef100000)
 ParOldGen       total 38400K, used 8386K [0x00000000c0000000, 0x00000000c2580000, 0x00000000eab00000)
  object space 38400K, 21% used [0x00000000c0000000,0x00000000c0830ab0,0x00000000c2580000)
 Metaspace       used 20380K, capacity 20594K, committed 20608K, reserved 1067008K
  class space    used 2623K, capacity 2688K, committed 2688K, reserved 1048576K
Event: 15.610 GC heap after
Heap after GC invocations=6 (full 0):
 PSYoungGen      total 64000K, used 6133K [0x00000000eab00000, 0x00000000ef400000, 0x0000000100000000)
  eden space 57856K, 0% used [0x00000000eab00000,0x00000000eab00000,0x00000000ee380000)
  from space 6144K, 99% used [0x00000000eeb00000,0x00000000ef0fd518,0x00000000ef100000)
  to   space 7680K, 0% used [0x00000000ee380000,0x00000000ee380000,0x00000000eeb00000)
 ParOldGen       total 38400K, used 8566K [0x00000000c0000000, 0x00000000c2580000, 0x00000000eab00000)
  object space 38400K, 22% used [0x00000000c0000000,0x00000000c085d9c0,0x00000000c2580000)
 Metaspace       used 20380K, capacity 20594K, committed 20608K, reserved 1067008K
  class space    used 2623K, capacity 2688K, committed 2688K, reserved 1048576K
}
Event: 16.134 GC heap before
{Heap before GC invocations=7 (full 0):
 PSYoungGen      total 64000K, used 12015K [0x00000000eab00000, 0x00000000ef400000, 0x0000000100000000)
  eden space 57856K, 10% used [0x00000000eab00000,0x00000000eb0be9c8,0x00000000ee380000)
  from space 6144K, 99% used [0x00000000eeb00000,0x00000000ef0fd518,0x00000000ef100000)
  to   space 7680K, 0% used [0x00000000ee380000,0x00000000ee380000,0x00000000eeb00000)
 ParOldGen       total 38400K, used 8566K [0x00000000c0000000, 0x00000000c2580000, 0x00000000eab00000)
  object space 38400K, 22% used [0x00000000c0000000,0x00000000c085d9c0,0x00000000c2580000)
 Metaspace       used 21027K, capacity 21202K, committed 21248K, reserved 1067008K
  class space    used 2717K, capacity 2784K, committed 2816K, reserved 1048576K
Event: 16.152 GC heap after
Heap after GC invocations=7 (full 0):
 PSYoungGen      total 65536K, used 3408K [0x00000000eab00000, 0x00000000f2a00000, 0x0000000100000000)
  eden space 57856K, 0% used [0x00000000eab00000,0x00000000eab00000,0x00000000ee380000)
  from space 7680K, 44% used [0x00000000ee380000,0x00000000ee6d4258,0x00000000eeb00000)
  to   space 7168K, 0% used [0x00000000f2300000,0x00000000f2300000,0x00000000f2a00000)
 ParOldGen       total 38400K, used 9243K [0x00000000c0000000, 0x00000000c2580000, 0x00000000eab00000)
  object space 38400K, 24% used [0x00000000c0000000,0x00000000c0906f70,0x00000000c2580000)
 Metaspace       used 21027K, capacity 21202K, committed 21248K, reserved 1067008K
  class space    used 2717K, capacity 2784K, committed 2816K, reserved 1048576K
}
Event: 16.152 GC heap before
{Heap before GC invocations=8 (full 1):
 PSYoungGen      total 65536K, used 3408K [0x00000000eab00000, 0x00000000f2a00000, 0x0000000100000000)
  eden space 57856K, 0% used [0x00000000eab00000,0x00000000eab00000,0x00000000ee380000)
  from space 7680K, 44% used [0x00000000ee380000,0x00000000ee6d4258,0x00000000eeb00000)
  to   space 7168K, 0% used [0x00000000f2300000,0x00000000f2300000,0x00000000f2a00000)
 ParOldGen       total 38400K, used 9243K [0x00000000c0000000, 0x00000000c2580000, 0x00000000eab00000)
  object space 38400K, 24% used [0x00000000c0000000,0x00000000c0906f70,0x00000000c2580000)
 Metaspace       used 21027K, capacity 21202K, committed 21248K, reserved 1067008K
  class space    used 2717K, capacity 2784K, committed 2816K, reserved 1048576K
Event: 16.287 GC heap after
Heap after GC invocations=8 (full 1):
 PSYoungGen      total 65536K, used 0K [0x00000000eab00000, 0x00000000f2a00000, 0x0000000100000000)
  eden space 57856K, 0% used [0x00000000eab00000,0x00000000eab00000,0x00000000ee380000)
  from space 7680K, 0% used [0x00000000ee380000,0x00000000ee380000,0x00000000eeb00000)
  to   space 7168K, 0% used [0x00000000f2300000,0x00000000f2300000,0x00000000f2a00000)
 ParOldGen       total 32256K, used 8681K [0x00000000c0000000, 0x00000000c1f80000, 0x00000000eab00000)
  object space 32256K, 26% used [0x00000000c0000000,0x00000000c087a458,0x00000000c1f80000)
 Metaspace       used 21027K, capacity 21202K, committed 21248K, reserved 1067008K
  class space    used 2717K, capacity 2784K, committed 2816K, reserved 1048576K
}

